<?xml version="1.0" encoding="UTF-8"?>
<!-- Generated by org.testng.reporters.JUnitReportReporter -->
<testsuite hostname="NETCHAND-G2454" failures="0" tests="6" name="test.Day3" time="0.095" errors="0" timestamp="2020-11-23T13:18:42 IST" skipped="1">
  <testcase classname="test.Day3" name="MobileSingoutcarLoan" time="0.023"/>
  <system-out/>
  <testcase classname="test.Day3" name="MobileSingoutcarLoan" time="0.049"/>
  <system-out/>
  <testcase classname="test.Day3" name="WebloginCarLoan" time="0.011"/>
  <system-out/>
  <testcase classname="test.Day3" name="MobileSingoutcarLoan" time="0.008"/>
  <system-out/>
  <testcase classname="test.Day3" name="LoginAPICarLoan" time="0.004"/>
  <system-out/>
  <testcase classname="test.Day3" name="MobileSignincarLoan">
    <skipped/>
  </testcase> <!-- MobileSignincarLoan -->
  <system-out/>
</testsuite> <!-- test.Day3 -->
