<?xml version="1.0" encoding="UTF-8"?>
<!-- Generated by org.testng.reporters.JUnitReportReporter -->
<testsuite hostname="NETCHAND-G2454" failures="0" tests="3" name="test.Day4" time="0.008" errors="0" timestamp="2020-11-23T13:18:42 IST" skipped="0">
  <testcase classname="test.Day4" name="WebloginHomeLoan" time="0.002"/>
  <system-out/>
  <testcase classname="test.Day4" name="MobileLoginHomeLoan" time="0.003"/>
  <system-out/>
  <testcase classname="test.Day4" name="LoginAPIHomeLoan" time="0.003"/>
  <system-out/>
</testsuite> <!-- test.Day4 -->
