<?xml version="1.0" encoding="UTF-8"?>
<!-- Generated by org.testng.reporters.JUnitReportReporter -->
<testsuite hostname="NETCHAND-G2454" failures="0" tests="1" name="test.Day2" time="0.010" errors="0" timestamp="2020-11-23T13:18:42 IST" skipped="0">
  <testcase classname="test.Day2" name="ploan" time="0.010"/>
  <system-out/>
</testsuite> <!-- test.Day2 -->
